android/app/build/intermediates/manifest_merge_blame_file/debug/manifest-merger-blame-debug-report.txt
1<?xml version="1.0" encoding="utf-8"?>
2<manifest xmlns:android="http://schemas.android.com/apk/res/android"
3    package="com.khaltipayrn"
4    android:versionCode="1"
5    android:versionName="1.0" >
6
7    <uses-sdk
8        android:minSdkVersion="21"
9        android:targetSdkVersion="30" />
10
11    <uses-permission android:name="android.permission.SYSTEM_ALERT_WINDOW" />
11-->src/debug/AndroidManifest.xml:5:5-77
11-->src/debug/AndroidManifest.xml:5:22-75
12    <uses-permission android:name="android.permission.INTERNET" />
12-->src/main/AndroidManifest.xml:5:5-67
12-->src/main/AndroidManifest.xml:5:22-64
13    <uses-permission android:name="android.permission.ACCESS_WIFI_STATE" />
13-->[com.facebook.flipper:flipper:0.99.0] AndroidManifest.xml:16:5-76
13-->[com.facebook.flipper:flipper:0.99.0] AndroidManifest.xml:16:22-73
14    <uses-permission android:name="android.permission.ACCESS_NETWORK_STATE" />
14-->[com.khalti:khalti-android:2.01.01] AndroidManifest.xml:9:5-79
14-->[com.khalti:khalti-android:2.01.01] AndroidManifest.xml:9:22-76
15
16    <application
16-->src/main/AndroidManifest.xml:7:5-26:19
17        android:name="com.khaltipayrn.MainApplication"
17-->src/main/AndroidManifest.xml:8:7-38
18        android:allowBackup="false"
18-->src/main/AndroidManifest.xml:12:7-34
19        android:appComponentFactory="androidx.core.app.CoreComponentFactory"
19-->[androidx.core:core:1.6.0] AndroidManifest.xml:24:18-86
20        android:debuggable="true"
21        android:icon="@mipmap/ic_launcher"
21-->src/main/AndroidManifest.xml:10:7-41
22        android:label="@string/app_name"
22-->src/main/AndroidManifest.xml:9:7-39
23        android:networkSecurityConfig="@xml/network_security_config"
23-->[com.khalti:khalti-android:2.01.01] AndroidManifest.xml:14:9-69
24        android:roundIcon="@mipmap/ic_launcher_round"
24-->src/main/AndroidManifest.xml:11:7-52
25        android:supportsRtl="true"
25-->[com.khalti:khalti-android:2.01.01] AndroidManifest.xml:15:9-35
26        android:theme="@style/AppTheme"
26-->src/main/AndroidManifest.xml:14:7-38
27        android:usesCleartextTraffic="true" >
27-->src/debug/AndroidManifest.xml:8:9-44
28        <activity android:name="com.facebook.react.devsupport.DevSettingsActivity" />
28-->src/debug/AndroidManifest.xml:11:9-86
28-->src/debug/AndroidManifest.xml:11:19-83
29        <activity
29-->src/main/AndroidManifest.xml:15:7-25:18
30            android:name="com.khaltipayrn.MainActivity"
30-->src/main/AndroidManifest.xml:16:9-37
31            android:configChanges="keyboard|keyboardHidden|orientation|screenSize|uiMode"
31-->src/main/AndroidManifest.xml:18:9-86
32            android:label="@string/app_name"
32-->src/main/AndroidManifest.xml:17:9-41
33            android:launchMode="singleTask"
33-->src/main/AndroidManifest.xml:19:9-40
34            android:windowSoftInputMode="adjustResize" >
34-->src/main/AndroidManifest.xml:20:9-51
35            <intent-filter>
35-->src/main/AndroidManifest.xml:21:9-24:25
36                <action android:name="android.intent.action.MAIN" />
36-->src/main/AndroidManifest.xml:22:13-65
36-->src/main/AndroidManifest.xml:22:21-62
37
38                <category android:name="android.intent.category.LAUNCHER" />
38-->src/main/AndroidManifest.xml:23:13-73
38-->src/main/AndroidManifest.xml:23:23-70
39            </intent-filter>
40        </activity>
41        <activity
41-->[com.khalti:khalti-android:2.01.01] AndroidManifest.xml:18:9-31:20
42            android:name="com.khalti.checkout.CheckOutActivity"
42-->[com.khalti:khalti-android:2.01.01] AndroidManifest.xml:19:13-64
43            android:label="@string/app_name"
43-->[com.khalti:khalti-android:2.01.01] AndroidManifest.xml:20:13-45
44            android:screenOrientation="portrait"
44-->[com.khalti:khalti-android:2.01.01] AndroidManifest.xml:21:13-49
45            android:theme="@style/AppTheme.khalti"
45-->[com.khalti:khalti-android:2.01.01] AndroidManifest.xml:22:13-51
46            android:windowSoftInputMode="adjustResize" >
46-->[com.khalti:khalti-android:2.01.01] AndroidManifest.xml:23:13-55
47
48            <!--
49            <intent-filter>
50                <action android:name="android.intent.action.MAIN" />
51                <category android:name="android.intent.category.LAUNCHER" />
52            </intent-filter>
53            -->
54        </activity>
55        <activity
55-->[com.khalti:khalti-android:2.01.01] AndroidManifest.xml:32:9-72:20
56            android:name="com.khalti.checkout.banking.deepLinkReceiver.DeepLink"
56-->[com.khalti:khalti-android:2.01.01] AndroidManifest.xml:33:13-81
57            android:exported="true"
57-->[com.khalti:khalti-android:2.01.01] AndroidManifest.xml:34:13-36
58            android:label="@string/app_name"
58-->[com.khalti:khalti-android:2.01.01] AndroidManifest.xml:35:13-45
59            android:noHistory="true"
59-->[com.khalti:khalti-android:2.01.01] AndroidManifest.xml:36:13-37
60            android:screenOrientation="portrait"
60-->[com.khalti:khalti-android:2.01.01] AndroidManifest.xml:37:13-49
61            android:theme="@style/AppTheme.khalti" >
61-->[com.khalti:khalti-android:2.01.01] AndroidManifest.xml:38:13-51
62            <intent-filter>
62-->[com.khalti:khalti-android:2.01.01] AndroidManifest.xml:39:13-49:29
63                <action android:name="android.intent.action.VIEW" />
63-->[com.khalti:khalti-android:2.01.01] AndroidManifest.xml:40:17-69
63-->[com.khalti:khalti-android:2.01.01] AndroidManifest.xml:40:25-66
64
65                <category android:name="android.intent.category.DEFAULT" />
65-->[com.khalti:khalti-android:2.01.01] AndroidManifest.xml:42:17-76
65-->[com.khalti:khalti-android:2.01.01] AndroidManifest.xml:42:27-73
66                <category android:name="android.intent.category.BROWSABLE" />
66-->[com.khalti:khalti-android:2.01.01] AndroidManifest.xml:43:17-78
66-->[com.khalti:khalti-android:2.01.01] AndroidManifest.xml:43:27-75
67
68                <data
68-->[com.khalti:khalti-android:2.01.01] AndroidManifest.xml:45:17-48:45
69                    android:host="192.168.1.103"
69-->[com.khalti:khalti-android:2.01.01] AndroidManifest.xml:46:21-49
70                    android:pathPattern="/.*"
70-->[com.khalti:khalti-android:2.01.01] AndroidManifest.xml:47:21-46
71                    android:scheme="http" />
71-->[com.khalti:khalti-android:2.01.01] AndroidManifest.xml:48:21-42
72            </intent-filter>
73            <intent-filter>
73-->[com.khalti:khalti-android:2.01.01] AndroidManifest.xml:50:13-60:29
74                <action android:name="android.intent.action.VIEW" />
74-->[com.khalti:khalti-android:2.01.01] AndroidManifest.xml:40:17-69
74-->[com.khalti:khalti-android:2.01.01] AndroidManifest.xml:40:25-66
75
76                <category android:name="android.intent.category.DEFAULT" />
76-->[com.khalti:khalti-android:2.01.01] AndroidManifest.xml:42:17-76
76-->[com.khalti:khalti-android:2.01.01] AndroidManifest.xml:42:27-73
77                <category android:name="android.intent.category.BROWSABLE" />
77-->[com.khalti:khalti-android:2.01.01] AndroidManifest.xml:43:17-78
77-->[com.khalti:khalti-android:2.01.01] AndroidManifest.xml:43:27-75
78
79                <data
79-->[com.khalti:khalti-android:2.01.01] AndroidManifest.xml:45:17-48:45
80                    android:host="192.168.1.118"
80-->[com.khalti:khalti-android:2.01.01] AndroidManifest.xml:46:21-49
81                    android:pathPattern="/.*"
81-->[com.khalti:khalti-android:2.01.01] AndroidManifest.xml:47:21-46
82                    android:scheme="http" />
82-->[com.khalti:khalti-android:2.01.01] AndroidManifest.xml:48:21-42
83            </intent-filter>
84            <intent-filter>
84-->[com.khalti:khalti-android:2.01.01] AndroidManifest.xml:61:13-71:29
85                <action android:name="android.intent.action.VIEW" />
85-->[com.khalti:khalti-android:2.01.01] AndroidManifest.xml:40:17-69
85-->[com.khalti:khalti-android:2.01.01] AndroidManifest.xml:40:25-66
86
87                <category android:name="android.intent.category.DEFAULT" />
87-->[com.khalti:khalti-android:2.01.01] AndroidManifest.xml:42:17-76
87-->[com.khalti:khalti-android:2.01.01] AndroidManifest.xml:42:27-73
88                <category android:name="android.intent.category.BROWSABLE" />
88-->[com.khalti:khalti-android:2.01.01] AndroidManifest.xml:43:17-78
88-->[com.khalti:khalti-android:2.01.01] AndroidManifest.xml:43:27-75
89
90                <data
90-->[com.khalti:khalti-android:2.01.01] AndroidManifest.xml:45:17-48:45
91                    android:host="ebanking"
91-->[com.khalti:khalti-android:2.01.01] AndroidManifest.xml:46:21-49
92                    android:pathPattern="/.*"
92-->[com.khalti:khalti-android:2.01.01] AndroidManifest.xml:47:21-46
93                    android:scheme="khalti" />
93-->[com.khalti:khalti-android:2.01.01] AndroidManifest.xml:48:21-42
94            </intent-filter>
95        </activity>
96
97        <provider
97-->[com.squareup.picasso:picasso:2.71828] AndroidManifest.xml:8:9-11:40
98            android:name="com.squareup.picasso.PicassoProvider"
98-->[com.squareup.picasso:picasso:2.71828] AndroidManifest.xml:9:13-64
99            android:authorities="com.khaltipayrn.com.squareup.picasso"
99-->[com.squareup.picasso:picasso:2.71828] AndroidManifest.xml:10:13-72
100            android:exported="false" />
100-->[com.squareup.picasso:picasso:2.71828] AndroidManifest.xml:11:13-37
101
102        <meta-data
102-->[com.google.android.gms:play-services-basement:17.6.0] AndroidManifest.xml:23:9-25:69
103            android:name="com.google.android.gms.version"
103-->[com.google.android.gms:play-services-basement:17.6.0] AndroidManifest.xml:24:13-58
104            android:value="@integer/google_play_services_version" />
104-->[com.google.android.gms:play-services-basement:17.6.0] AndroidManifest.xml:25:13-66
105    </application>
106
107</manifest>